2021-09-08 10:58:39 [scrapy.utils.log] INFO: Scrapy 2.4.1 started (bot: baikeCrawler)
2021-09-08 10:58:39 [scrapy.utils.log] INFO: Versions: lxml 4.6.3.0, libxml2 2.9.10, cssselect 1.1.0, parsel 1.5.2, w3lib 1.21.0, Twisted 21.2.0, Python 3.8.8 (default, Apr 13 2021, 15:08:03) [MSC v.1916 64 bit (AMD64)], pyOpenSSL 20.0.1 (OpenSSL 1.1.1k  25 Mar 2021), cryptography 3.4.7, Platform Windows-10-10.0.19041-SP0
2021-09-08 10:58:39 [scrapy.crawler] INFO: Overridden settings:
{'BOT_NAME': 'baikeCrawler',
 'CONCURRENT_REQUESTS': 64,
 'CONCURRENT_REQUESTS_PER_DOMAIN': 4,
 'COOKIES_ENABLED': False,
 'DEPTH_LIMIT': 10,
 'DOWNLOAD_TIMEOUT': 5,
 'LOG_FILE': './2021-9-8-10-58.log',
 'LOG_LEVEL': 'INFO',
 'NEWSPIDER_MODULE': 'baikeCrawler.spiders',
 'RETRY_HTTP_CODES': [400,
                      403,
                      404,
                      407,
                      408,
                      429,
                      500,
                      501,
                      502,
                      503,
                      504,
                      509],
 'RETRY_TIMES': 20,
 'SPIDER_MODULES': ['baikeCrawler.spiders']}
2021-09-08 10:58:39 [scrapy.extensions.telnet] INFO: Telnet Password: dcf4cdf6b063bf95
2021-09-08 10:58:39 [scrapy.middleware] INFO: Enabled extensions:
['scrapy.extensions.corestats.CoreStats',
 'scrapy.extensions.telnet.TelnetConsole',
 'scrapy.extensions.logstats.LogStats']
2021-09-08 10:58:40 [scrapy.middleware] INFO: Enabled downloader middlewares:
['baikeCrawler.middlewares.BaikeRetryMiddleware',
 'baikeCrawler.middlewares.RandomUserAgent',
 'scrapy.downloadermiddlewares.httpproxy.HttpProxyMiddleware',
 'scrapy.downloadermiddlewares.httpauth.HttpAuthMiddleware',
 'scrapy.downloadermiddlewares.downloadtimeout.DownloadTimeoutMiddleware',
 'scrapy.downloadermiddlewares.defaultheaders.DefaultHeadersMiddleware',
 'scrapy.downloadermiddlewares.redirect.MetaRefreshMiddleware',
 'scrapy.downloadermiddlewares.httpcompression.HttpCompressionMiddleware',
 'scrapy.downloadermiddlewares.redirect.RedirectMiddleware',
 'scrapy.downloadermiddlewares.stats.DownloaderStats']
2021-09-08 10:58:40 [scrapy.middleware] INFO: Enabled spider middlewares:
['scrapy.spidermiddlewares.httperror.HttpErrorMiddleware',
 'scrapy.spidermiddlewares.offsite.OffsiteMiddleware',
 'scrapy.spidermiddlewares.referer.RefererMiddleware',
 'scrapy.spidermiddlewares.urllength.UrlLengthMiddleware',
 'scrapy.spidermiddlewares.depth.DepthMiddleware']
2021-09-08 10:58:40 [scrapy.middleware] INFO: Enabled item pipelines:
['baikeCrawler.pipelines.BaikeHtmlSavePipeline']
2021-09-08 10:58:40 [scrapy.core.engine] INFO: Spider opened
2021-09-08 10:58:40 [scrapy.extensions.logstats] INFO: Crawled 0 pages (at 0 pages/min), scraped 0 items (at 0 items/min)
2021-09-08 10:58:40 [scrapy.extensions.telnet] INFO: Telnet console listening on 127.0.0.1:6023
2021-09-08 10:59:10 [scrapy.crawler] INFO: Received SIGINT, shutting down gracefully. Send again to force 
2021-09-08 10:59:10 [scrapy.core.engine] INFO: Closing spider (shutdown)
2021-09-08 10:59:10 [scrapy.crawler] INFO: Received SIGINT twice, forcing unclean shutdown
2021-09-08 10:59:10 [scrapy.core.downloader.handlers.http11] WARNING: Got data loss in https://baike.baidu.com/item/%E9%87%8C%E6%96%AF%E6%9C%AC/4576. If you want to process broken responses set the setting DOWNLOAD_FAIL_ON_DATALOSS = False -- This message won't be shown in further requests
2021-09-08 10:59:10 [baikeCrawler.middlewares] INFO: Retrying <GET https://baike.baidu.com/item/%E9%87%8C%E6%96%AF%E6%9C%AC/4576> (failed 1 times): [<twisted.python.failure.Failure twisted.internet.error.ConnectionLost: Connection to the other side was lost in a non-clean fashion: Connection lost.>, <twisted.python.failure.Failure twisted.web.http._DataLoss: Chunked decoder in 'BODY' state, still expecting more data to get to 'FINISHED' state.>]
